C:\USERS\Артём\DOCUMENTS\VISUAL STUDIO 2010\PROJECTS\PROJECT\DEBUG\PROJECT.EXE
C:\USERS\Артём\DOCUMENTS\VISUAL STUDIO 2010\PROJECTS\PROJECT\DEBUG\PROJECT.ILK
C:\USERS\АРТЁМ\DOCUMENTS\VISUAL STUDIO 2010\PROJECTS\PROJECT\DEBUG\PROJECT.PDB
C:\Users\Артём\documents\visual studio 2010\Projects\project\project\Debug\cl.command.1.tlog
C:\Users\Артём\documents\visual studio 2010\Projects\project\project\Debug\CL.read.1.tlog
C:\Users\Артём\documents\visual studio 2010\Projects\project\project\Debug\CL.write.1.tlog
C:\Users\Артём\documents\visual studio 2010\Projects\project\project\Debug\link.10552.read.1.tlog
C:\Users\Артём\documents\visual studio 2010\Projects\project\project\Debug\link.10552.write.1.tlog
C:\Users\Артём\documents\visual studio 2010\Projects\project\project\Debug\link.10552-cvtres.read.1.tlog
C:\Users\Артём\documents\visual studio 2010\Projects\project\project\Debug\link.10552-cvtres.write.1.tlog
C:\Users\Артём\documents\visual studio 2010\Projects\project\project\Debug\link.4816.read.1.tlog
C:\Users\Артём\documents\visual studio 2010\Projects\project\project\Debug\link.4816.write.1.tlog
C:\Users\Артём\documents\visual studio 2010\Projects\project\project\Debug\link.4816-cvtres.read.1.tlog
C:\Users\Артём\documents\visual studio 2010\Projects\project\project\Debug\link.4816-cvtres.write.1.tlog
C:\Users\Артём\documents\visual studio 2010\Projects\project\project\Debug\link.command.1.tlog
C:\Users\Артём\documents\visual studio 2010\Projects\project\project\Debug\link.read.1.tlog
C:\Users\Артём\documents\visual studio 2010\Projects\project\project\Debug\link.write.1.tlog
C:\Users\Артём\documents\visual studio 2010\Projects\project\project\Debug\link-cvtres.read.1.tlog
C:\Users\Артём\documents\visual studio 2010\Projects\project\project\Debug\link-cvtres.write.1.tlog
C:\USERS\Артём\DOCUMENTS\VISUAL STUDIO 2010\PROJECTS\PROJECT\PROJECT\DEBUG\MAIN.OBJ
C:\Users\Артём\documents\visual studio 2010\Projects\project\project\Debug\mt.command.1.tlog
C:\Users\Артём\documents\visual studio 2010\Projects\project\project\Debug\mt.read.1.tlog
C:\Users\Артём\documents\visual studio 2010\Projects\project\project\Debug\mt.write.1.tlog
C:\USERS\Артём\DOCUMENTS\VISUAL STUDIO 2010\PROJECTS\PROJECT\PROJECT\DEBUG\PROJECT.EXE.EMBED.MANIFEST
C:\USERS\Артём\DOCUMENTS\VISUAL STUDIO 2010\PROJECTS\PROJECT\PROJECT\DEBUG\PROJECT.EXE.EMBED.MANIFEST.RES
C:\USERS\Артём\DOCUMENTS\VISUAL STUDIO 2010\PROJECTS\PROJECT\PROJECT\DEBUG\PROJECT.EXE.INTERMEDIATE.MANIFEST
C:\Users\Артём\documents\visual studio 2010\Projects\project\project\Debug\project.vcxprojResolveAssemblyReference.cache
C:\Users\Артём\documents\visual studio 2010\Projects\project\project\Debug\project.write.1.tlog
C:\Users\Артём\documents\visual studio 2010\Projects\project\project\Debug\project_manifest.rc
C:\Users\Артём\documents\visual studio 2010\Projects\project\project\Debug\rc.command.1.tlog
C:\Users\Артём\documents\visual studio 2010\Projects\project\project\Debug\rc.read.1.tlog
C:\Users\Артём\documents\visual studio 2010\Projects\project\project\Debug\rc.write.1.tlog
C:\Users\Артём\documents\visual studio 2010\Projects\project\project\Debug\vc100.idb
C:\USERS\АРТЁМ\DOCUMENTS\VISUAL STUDIO 2010\PROJECTS\PROJECT\PROJECT\DEBUG\VC100.PDB
